running egg_info
creating ../../build/explorer/explorer.egg-info
writing ../../build/explorer/explorer.egg-info/PKG-INFO
writing dependency_links to ../../build/explorer/explorer.egg-info/dependency_links.txt
writing entry points to ../../build/explorer/explorer.egg-info/entry_points.txt
writing requirements to ../../build/explorer/explorer.egg-info/requires.txt
writing top-level names to ../../build/explorer/explorer.egg-info/top_level.txt
writing manifest file '../../build/explorer/explorer.egg-info/SOURCES.txt'
reading manifest file '../../build/explorer/explorer.egg-info/SOURCES.txt'
writing manifest file '../../build/explorer/explorer.egg-info/SOURCES.txt'
running build
running build_py
creating /home/batman/ARES/ares_ws/build/explorer/build
creating /home/batman/ARES/ares_ws/build/explorer/build/lib
creating /home/batman/ARES/ares_ws/build/explorer/build/lib/explorer
copying explorer/gradient_explorer.py -> /home/batman/ARES/ares_ws/build/explorer/build/lib/explorer
copying explorer/exploration_navigator.py -> /home/batman/ARES/ares_ws/build/explorer/build/lib/explorer
copying explorer/__init__.py -> /home/batman/ARES/ares_ws/build/explorer/build/lib/explorer
copying explorer/cloud_to_grid.py -> /home/batman/ARES/ares_ws/build/explorer/build/lib/explorer
running install
running install_lib
creating /home/batman/ARES/ares_ws/install/explorer/lib/python3.10/site-packages/explorer
copying /home/batman/ARES/ares_ws/build/explorer/build/lib/explorer/gradient_explorer.py -> /home/batman/ARES/ares_ws/install/explorer/lib/python3.10/site-packages/explorer
copying /home/batman/ARES/ares_ws/build/explorer/build/lib/explorer/exploration_navigator.py -> /home/batman/ARES/ares_ws/install/explorer/lib/python3.10/site-packages/explorer
copying /home/batman/ARES/ares_ws/build/explorer/build/lib/explorer/__init__.py -> /home/batman/ARES/ares_ws/install/explorer/lib/python3.10/site-packages/explorer
copying /home/batman/ARES/ares_ws/build/explorer/build/lib/explorer/cloud_to_grid.py -> /home/batman/ARES/ares_ws/install/explorer/lib/python3.10/site-packages/explorer
byte-compiling /home/batman/ARES/ares_ws/install/explorer/lib/python3.10/site-packages/explorer/gradient_explorer.py to gradient_explorer.cpython-310.pyc
byte-compiling /home/batman/ARES/ares_ws/install/explorer/lib/python3.10/site-packages/explorer/exploration_navigator.py to exploration_navigator.cpython-310.pyc
byte-compiling /home/batman/ARES/ares_ws/install/explorer/lib/python3.10/site-packages/explorer/__init__.py to __init__.cpython-310.pyc
byte-compiling /home/batman/ARES/ares_ws/install/explorer/lib/python3.10/site-packages/explorer/cloud_to_grid.py to cloud_to_grid.cpython-310.pyc
running install_data
creating /home/batman/ARES/ares_ws/install/explorer/share/ament_index
creating /home/batman/ARES/ares_ws/install/explorer/share/ament_index/resource_index
creating /home/batman/ARES/ares_ws/install/explorer/share/ament_index/resource_index/packages
copying resource/explorer -> /home/batman/ARES/ares_ws/install/explorer/share/ament_index/resource_index/packages
copying package.xml -> /home/batman/ARES/ares_ws/install/explorer/share/explorer
running install_egg_info
Copying ../../build/explorer/explorer.egg-info to /home/batman/ARES/ares_ws/install/explorer/lib/python3.10/site-packages/explorer-0.0.0-py3.10.egg-info
running install_scripts
Installing cloud_to_grid script to /home/batman/ARES/ares_ws/install/explorer/lib/explorer
Installing gradient_explorer script to /home/batman/ARES/ares_ws/install/explorer/lib/explorer
writing list of installed files to '/home/batman/ARES/ares_ws/build/explorer/install.log'
