[0.504s] Invoking command in '/home/batman/ARES/ares_ws/src/explorer': PYTHONPATH=/home/batman/ARES/ares_ws/build/explorer/prefix_override:/usr/lib/python3/dist-packages/colcon_core/task/python/colcon_distutils_commands:/home/batman/ARES/ares_ws/install/explorer/lib/python3.10/site-packages:${PYTHONPATH} /usr/bin/python3 -W ignore:setup.py install is deprecated -W ignore:easy_install command is deprecated setup.py egg_info --egg-base ../../build/explorer build --build-base /home/batman/ARES/ares_ws/build/explorer/build install --record /home/batman/ARES/ares_ws/build/explorer/install.log --single-version-externally-managed install_data
[0.647s] running egg_info
[0.656s] writing ../../build/explorer/explorer.egg-info/PKG-INFO
[0.656s] writing dependency_links to ../../build/explorer/explorer.egg-info/dependency_links.txt
[0.656s] writing entry points to ../../build/explorer/explorer.egg-info/entry_points.txt
[0.656s] writing requirements to ../../build/explorer/explorer.egg-info/requires.txt
[0.656s] writing top-level names to ../../build/explorer/explorer.egg-info/top_level.txt
[0.673s] reading manifest file '../../build/explorer/explorer.egg-info/SOURCES.txt'
[0.673s] writing manifest file '../../build/explorer/explorer.egg-info/SOURCES.txt'
[0.673s] running build
[0.673s] running build_py
[0.674s] running install
[0.677s] running install_lib
[0.687s] running install_data
[0.687s] running install_egg_info
[0.696s] removing '/home/batman/ARES/ares_ws/install/explorer/lib/python3.10/site-packages/explorer-0.0.0-py3.10.egg-info' (and everything under it)
[0.696s] Copying ../../build/explorer/explorer.egg-info to /home/batman/ARES/ares_ws/install/explorer/lib/python3.10/site-packages/explorer-0.0.0-py3.10.egg-info
[0.696s] running install_scripts
[0.788s] Installing cloud_to_grid script to /home/batman/ARES/ares_ws/install/explorer/lib/explorer
[0.788s] Installing gradient_explorer script to /home/batman/ARES/ares_ws/install/explorer/lib/explorer
[0.788s] writing list of installed files to '/home/batman/ARES/ares_ws/build/explorer/install.log'
[0.807s] Invoked command in '/home/batman/ARES/ares_ws/src/explorer' returned '0': PYTHONPATH=/home/batman/ARES/ares_ws/build/explorer/prefix_override:/usr/lib/python3/dist-packages/colcon_core/task/python/colcon_distutils_commands:/home/batman/ARES/ares_ws/install/explorer/lib/python3.10/site-packages:${PYTHONPATH} /usr/bin/python3 -W ignore:setup.py install is deprecated -W ignore:easy_install command is deprecated setup.py egg_info --egg-base ../../build/explorer build --build-base /home/batman/ARES/ares_ws/build/explorer/build install --record /home/batman/ARES/ares_ws/build/explorer/install.log --single-version-externally-managed install_data
