[0.076s] DEBUG:colcon:Command line arguments: ['/usr/bin/colcon', 'build']
[0.076s] DEBUG:colcon:Parsed command line arguments: Namespace(log_base=None, log_level=None, verb_name='build', build_base='build', install_base='install', merge_install=False, symlink_install=False, test_result_base=None, continue_on_error=False, executor='parallel', parallel_workers=16, event_handlers=None, ignore_user_meta=False, metas=['./colcon.meta'], base_paths=['.'], packages_ignore=None, packages_ignore_regex=None, paths=None, packages_up_to=None, packages_up_to_regex=None, packages_above=None, packages_above_and_dependencies=None, packages_above_depth=None, packages_select_by_dep=None, packages_skip_by_dep=None, packages_skip_up_to=None, packages_select_build_failed=False, packages_skip_build_finished=False, packages_select_test_failures=False, packages_skip_test_passed=False, packages_select=None, packages_skip=None, packages_select_regex=None, packages_skip_regex=None, packages_start=None, packages_end=None, allow_overriding=[], cmake_args=None, cmake_target=None, cmake_target_skip_unavailable=False, cmake_clean_cache=False, cmake_clean_first=False, cmake_force_configure=False, ament_cmake_args=None, catkin_cmake_args=None, catkin_skip_building_tests=False, verb_parser=<colcon_defaults.argument_parser.defaults.DefaultArgumentsDecorator object at 0x76e2e0c6e740>, verb_extension=<colcon_core.verb.build.BuildVerb object at 0x76e2e0c6e140>, main=<bound method BuildVerb.main of <colcon_core.verb.build.BuildVerb object at 0x76e2e0c6e140>>)
[0.098s] Level 1:colcon.colcon_core.package_discovery:discover_packages(colcon_meta) check parameters
[0.099s] Level 1:colcon.colcon_core.package_discovery:discover_packages(recursive) check parameters
[0.099s] Level 1:colcon.colcon_core.package_discovery:discover_packages(ignore) check parameters
[0.099s] Level 1:colcon.colcon_core.package_discovery:discover_packages(path) check parameters
[0.099s] Level 1:colcon.colcon_core.package_discovery:discover_packages(colcon_meta) discover
[0.099s] Level 1:colcon.colcon_core.package_discovery:discover_packages(recursive) discover
[0.099s] INFO:colcon.colcon_core.package_discovery:Crawling recursively for packages in '/home/batman/ARES/ares_ws'
[0.099s] Level 1:colcon.colcon_core.package_identification:_identify(.) by extensions ['ignore', 'ignore_ament_install']
[0.099s] Level 1:colcon.colcon_core.package_identification:_identify(.) by extension 'ignore'
[0.099s] Level 1:colcon.colcon_core.package_identification:_identify(.) by extension 'ignore_ament_install'
[0.099s] Level 1:colcon.colcon_core.package_identification:_identify(.) by extensions ['colcon_pkg']
[0.099s] Level 1:colcon.colcon_core.package_identification:_identify(.) by extension 'colcon_pkg'
[0.099s] Level 1:colcon.colcon_core.package_identification:_identify(.) by extensions ['colcon_meta']
[0.099s] Level 1:colcon.colcon_core.package_identification:_identify(.) by extension 'colcon_meta'
[0.099s] Level 1:colcon.colcon_core.package_identification:_identify(.) by extensions ['ros']
[0.099s] Level 1:colcon.colcon_core.package_identification:_identify(.) by extension 'ros'
[0.108s] Level 1:colcon.colcon_core.package_identification:_identify(.) by extensions ['cmake', 'python']
[0.108s] Level 1:colcon.colcon_core.package_identification:_identify(.) by extension 'cmake'
[0.108s] Level 1:colcon.colcon_core.package_identification:_identify(.) by extension 'python'
[0.108s] Level 1:colcon.colcon_core.package_identification:_identify(.) by extensions ['python_setup_py']
[0.108s] Level 1:colcon.colcon_core.package_identification:_identify(.) by extension 'python_setup_py'
[0.108s] Level 1:colcon.colcon_core.package_identification:_identify(build) by extensions ['ignore', 'ignore_ament_install']
[0.108s] Level 1:colcon.colcon_core.package_identification:_identify(build) by extension 'ignore'
[0.108s] Level 1:colcon.colcon_core.package_identification:_identify(build) ignored
[0.108s] Level 1:colcon.colcon_core.package_identification:_identify(install) by extensions ['ignore', 'ignore_ament_install']
[0.108s] Level 1:colcon.colcon_core.package_identification:_identify(install) by extension 'ignore'
[0.108s] Level 1:colcon.colcon_core.package_identification:_identify(install) ignored
[0.108s] Level 1:colcon.colcon_core.package_identification:_identify(log) by extensions ['ignore', 'ignore_ament_install']
[0.108s] Level 1:colcon.colcon_core.package_identification:_identify(log) by extension 'ignore'
[0.108s] Level 1:colcon.colcon_core.package_identification:_identify(log) ignored
[0.108s] Level 1:colcon.colcon_core.package_identification:_identify(src) by extensions ['ignore', 'ignore_ament_install']
[0.108s] Level 1:colcon.colcon_core.package_identification:_identify(src) by extension 'ignore'
[0.108s] Level 1:colcon.colcon_core.package_identification:_identify(src) by extension 'ignore_ament_install'
[0.108s] Level 1:colcon.colcon_core.package_identification:_identify(src) by extensions ['colcon_pkg']
[0.108s] Level 1:colcon.colcon_core.package_identification:_identify(src) by extension 'colcon_pkg'
[0.109s] Level 1:colcon.colcon_core.package_identification:_identify(src) by extensions ['colcon_meta']
[0.109s] Level 1:colcon.colcon_core.package_identification:_identify(src) by extension 'colcon_meta'
[0.109s] Level 1:colcon.colcon_core.package_identification:_identify(src) by extensions ['ros']
[0.109s] Level 1:colcon.colcon_core.package_identification:_identify(src) by extension 'ros'
[0.109s] Level 1:colcon.colcon_core.package_identification:_identify(src) by extensions ['cmake', 'python']
[0.109s] Level 1:colcon.colcon_core.package_identification:_identify(src) by extension 'cmake'
[0.109s] Level 1:colcon.colcon_core.package_identification:_identify(src) by extension 'python'
[0.109s] Level 1:colcon.colcon_core.package_identification:_identify(src) by extensions ['python_setup_py']
[0.109s] Level 1:colcon.colcon_core.package_identification:_identify(src) by extension 'python_setup_py'
[0.109s] Level 1:colcon.colcon_core.package_identification:_identify(src/explorer) by extensions ['ignore', 'ignore_ament_install']
[0.109s] Level 1:colcon.colcon_core.package_identification:_identify(src/explorer) by extension 'ignore'
[0.109s] Level 1:colcon.colcon_core.package_identification:_identify(src/explorer) by extension 'ignore_ament_install'
[0.109s] Level 1:colcon.colcon_core.package_identification:_identify(src/explorer) by extensions ['colcon_pkg']
[0.109s] Level 1:colcon.colcon_core.package_identification:_identify(src/explorer) by extension 'colcon_pkg'
[0.109s] Level 1:colcon.colcon_core.package_identification:_identify(src/explorer) by extensions ['colcon_meta']
[0.109s] Level 1:colcon.colcon_core.package_identification:_identify(src/explorer) by extension 'colcon_meta'
[0.109s] Level 1:colcon.colcon_core.package_identification:_identify(src/explorer) by extensions ['ros']
[0.109s] Level 1:colcon.colcon_core.package_identification:_identify(src/explorer) by extension 'ros'
[0.112s] DEBUG:colcon.colcon_core.package_identification:Package 'src/explorer' with type 'ros.ament_python' and name 'explorer'
[0.112s] Level 1:colcon.colcon_core.package_discovery:discover_packages(recursive) using defaults
[0.112s] Level 1:colcon.colcon_core.package_discovery:discover_packages(ignore) discover
[0.113s] Level 1:colcon.colcon_core.package_discovery:discover_packages(ignore) using defaults
[0.113s] Level 1:colcon.colcon_core.package_discovery:discover_packages(path) discover
[0.113s] Level 1:colcon.colcon_core.package_discovery:discover_packages(path) using defaults
[0.126s] Level 1:colcon.colcon_core.package_discovery:discover_packages(prefix_path) check parameters
[0.126s] Level 1:colcon.colcon_core.package_discovery:discover_packages(prefix_path) discover
[0.128s] WARNING:colcon.colcon_ros.prefix_path.ament:The path '/home/batman/ARES/ares_ws/install/explorer' in the environment variable AMENT_PREFIX_PATH doesn't exist
[0.130s] DEBUG:colcon.colcon_installed_package_information.package_discovery:Found 1 installed packages in /home/batman/ARES/bcr_bot/install
[0.130s] DEBUG:colcon.colcon_installed_package_information.package_discovery:Found 0 installed packages in /home/batman/ARES/ares_ws/install
[0.131s] DEBUG:colcon.colcon_installed_package_information.package_discovery:Found 3 installed packages in /home/batman/ros2_ws/install
[0.131s] DEBUG:colcon.colcon_installed_package_information.package_discovery:Found 13 installed packages in /home/batman/turtlebot3_ws/install
[0.132s] DEBUG:colcon.colcon_installed_package_information.package_discovery:Found 444 installed packages in /opt/ros/humble
[0.133s] Level 1:colcon.colcon_core.package_discovery:discover_packages(prefix_path) using defaults
[0.180s] Level 5:colcon.colcon_core.verb:set package 'explorer' build argument 'cmake_args' from command line to 'None'
[0.180s] Level 5:colcon.colcon_core.verb:set package 'explorer' build argument 'cmake_target' from command line to 'None'
[0.180s] Level 5:colcon.colcon_core.verb:set package 'explorer' build argument 'cmake_target_skip_unavailable' from command line to 'False'
[0.180s] Level 5:colcon.colcon_core.verb:set package 'explorer' build argument 'cmake_clean_cache' from command line to 'False'
[0.180s] Level 5:colcon.colcon_core.verb:set package 'explorer' build argument 'cmake_clean_first' from command line to 'False'
[0.180s] Level 5:colcon.colcon_core.verb:set package 'explorer' build argument 'cmake_force_configure' from command line to 'False'
[0.180s] Level 5:colcon.colcon_core.verb:set package 'explorer' build argument 'ament_cmake_args' from command line to 'None'
[0.180s] Level 5:colcon.colcon_core.verb:set package 'explorer' build argument 'catkin_cmake_args' from command line to 'None'
[0.180s] Level 5:colcon.colcon_core.verb:set package 'explorer' build argument 'catkin_skip_building_tests' from command line to 'False'
[0.180s] DEBUG:colcon.colcon_core.verb:Building package 'explorer' with the following arguments: {'ament_cmake_args': None, 'build_base': '/home/batman/ARES/ares_ws/build/explorer', 'catkin_cmake_args': None, 'catkin_skip_building_tests': False, 'cmake_args': None, 'cmake_clean_cache': False, 'cmake_clean_first': False, 'cmake_force_configure': False, 'cmake_target': None, 'cmake_target_skip_unavailable': False, 'install_base': '/home/batman/ARES/ares_ws/install/explorer', 'merge_install': False, 'path': '/home/batman/ARES/ares_ws/src/explorer', 'symlink_install': False, 'test_result_base': None}
[0.180s] INFO:colcon.colcon_core.executor:Executing jobs using 'parallel' executor
[0.181s] DEBUG:colcon.colcon_parallel_executor.executor.parallel:run_until_complete
[0.181s] INFO:colcon.colcon_ros.task.ament_python.build:Building ROS package in '/home/batman/ARES/ares_ws/src/explorer' with build type 'ament_python'
[0.181s] Level 1:colcon.colcon_core.shell:create_environment_hook('explorer', 'ament_prefix_path')
[0.184s] INFO:colcon.colcon_core.plugin_system:Skipping extension 'colcon_core.shell.bat': Not used on non-Windows systems
[0.184s] INFO:colcon.colcon_core.shell:Creating environment hook '/home/batman/ARES/ares_ws/install/explorer/share/explorer/hook/ament_prefix_path.ps1'
[0.185s] INFO:colcon.colcon_core.shell:Creating environment descriptor '/home/batman/ARES/ares_ws/install/explorer/share/explorer/hook/ament_prefix_path.dsv'
[0.185s] INFO:colcon.colcon_core.shell:Creating environment hook '/home/batman/ARES/ares_ws/install/explorer/share/explorer/hook/ament_prefix_path.sh'
[0.186s] INFO:colcon.colcon_core.shell:Skip shell extension 'powershell' for command environment: Not usable outside of PowerShell
[0.186s] DEBUG:colcon.colcon_core.shell:Skip shell extension 'dsv' for command environment
[0.316s] INFO:colcon.colcon_core.task.python.build:Building Python package in '/home/batman/ARES/ares_ws/src/explorer'
[0.316s] INFO:colcon.colcon_core.shell:Skip shell extension 'powershell' for command environment: Not usable outside of PowerShell
[0.316s] DEBUG:colcon.colcon_core.shell:Skip shell extension 'dsv' for command environment
[0.747s] DEBUG:colcon.colcon_core.event_handler.log_command:Invoking command in '/home/batman/ARES/ares_ws/src/explorer': PYTHONPATH=/home/batman/ARES/ares_ws/build/explorer/prefix_override:/usr/lib/python3/dist-packages/colcon_core/task/python/colcon_distutils_commands:/home/batman/ARES/ares_ws/install/explorer/lib/python3.10/site-packages:${PYTHONPATH} /usr/bin/python3 -W ignore:setup.py install is deprecated -W ignore:easy_install command is deprecated setup.py egg_info --egg-base ../../build/explorer build --build-base /home/batman/ARES/ares_ws/build/explorer/build install --record /home/batman/ARES/ares_ws/build/explorer/install.log --single-version-externally-managed install_data
[1.044s] DEBUG:colcon.colcon_core.event_handler.log_command:Invoked command in '/home/batman/ARES/ares_ws/src/explorer' returned '0': PYTHONPATH=/home/batman/ARES/ares_ws/build/explorer/prefix_override:/usr/lib/python3/dist-packages/colcon_core/task/python/colcon_distutils_commands:/home/batman/ARES/ares_ws/install/explorer/lib/python3.10/site-packages:${PYTHONPATH} /usr/bin/python3 -W ignore:setup.py install is deprecated -W ignore:easy_install command is deprecated setup.py egg_info --egg-base ../../build/explorer build --build-base /home/batman/ARES/ares_ws/build/explorer/build install --record /home/batman/ARES/ares_ws/build/explorer/install.log --single-version-externally-managed install_data
[1.047s] Level 1:colcon.colcon_core.environment:checking '/home/batman/ARES/ares_ws/install/explorer' for CMake module files
[1.047s] Level 1:colcon.colcon_core.environment:checking '/home/batman/ARES/ares_ws/install/explorer' for CMake config files
[1.047s] Level 1:colcon.colcon_core.environment:checking '/home/batman/ARES/ares_ws/install/explorer/lib'
[1.047s] Level 1:colcon.colcon_core.environment:checking '/home/batman/ARES/ares_ws/install/explorer/bin'
[1.047s] Level 1:colcon.colcon_core.environment:checking '/home/batman/ARES/ares_ws/install/explorer/lib/pkgconfig/explorer.pc'
[1.047s] Level 1:colcon.colcon_core.environment:checking '/home/batman/ARES/ares_ws/install/explorer/lib/python3.10/site-packages'
[1.047s] Level 1:colcon.colcon_core.shell:create_environment_hook('explorer', 'pythonpath')
[1.048s] INFO:colcon.colcon_core.shell:Creating environment hook '/home/batman/ARES/ares_ws/install/explorer/share/explorer/hook/pythonpath.ps1'
[1.048s] INFO:colcon.colcon_core.shell:Creating environment descriptor '/home/batman/ARES/ares_ws/install/explorer/share/explorer/hook/pythonpath.dsv'
[1.048s] INFO:colcon.colcon_core.shell:Creating environment hook '/home/batman/ARES/ares_ws/install/explorer/share/explorer/hook/pythonpath.sh'
[1.049s] Level 1:colcon.colcon_core.environment:checking '/home/batman/ARES/ares_ws/install/explorer/bin'
[1.049s] Level 1:colcon.colcon_core.environment:create_environment_scripts_only(explorer)
[1.049s] INFO:colcon.colcon_core.shell:Creating package script '/home/batman/ARES/ares_ws/install/explorer/share/explorer/package.ps1'
[1.049s] INFO:colcon.colcon_core.shell:Creating package descriptor '/home/batman/ARES/ares_ws/install/explorer/share/explorer/package.dsv'
[1.050s] INFO:colcon.colcon_core.shell:Creating package script '/home/batman/ARES/ares_ws/install/explorer/share/explorer/package.sh'
[1.050s] INFO:colcon.colcon_core.shell:Creating package script '/home/batman/ARES/ares_ws/install/explorer/share/explorer/package.bash'
[1.051s] INFO:colcon.colcon_core.shell:Creating package script '/home/batman/ARES/ares_ws/install/explorer/share/explorer/package.zsh'
[1.051s] Level 1:colcon.colcon_core.environment:create_file_with_runtime_dependencies(/home/batman/ARES/ares_ws/install/explorer/share/colcon-core/packages/explorer)
[1.051s] DEBUG:colcon.colcon_parallel_executor.executor.parallel:closing loop
[1.052s] DEBUG:colcon.colcon_parallel_executor.executor.parallel:loop closed
[1.052s] DEBUG:colcon.colcon_parallel_executor.executor.parallel:run_until_complete finished with '0'
[1.052s] DEBUG:colcon.colcon_core.event_reactor:joining thread
[1.065s] INFO:colcon.colcon_core.plugin_system:Skipping extension 'colcon_notification.desktop_notification.terminal_notifier': Not used on non-Darwin systems
[1.065s] INFO:colcon.colcon_core.plugin_system:Skipping extension 'colcon_notification.desktop_notification.win32': Not used on non-Windows systems
[1.065s] INFO:colcon.colcon_notification.desktop_notification:Sending desktop notification using 'notify2'
[1.078s] DEBUG:colcon.colcon_core.event_reactor:joined thread
[1.078s] INFO:colcon.colcon_core.shell:Creating prefix script '/home/batman/ARES/ares_ws/install/local_setup.ps1'
[1.079s] INFO:colcon.colcon_core.shell:Creating prefix util module '/home/batman/ARES/ares_ws/install/_local_setup_util_ps1.py'
[1.080s] INFO:colcon.colcon_core.shell:Creating prefix chain script '/home/batman/ARES/ares_ws/install/setup.ps1'
[1.081s] INFO:colcon.colcon_core.shell:Creating prefix script '/home/batman/ARES/ares_ws/install/local_setup.sh'
[1.081s] INFO:colcon.colcon_core.shell:Creating prefix util module '/home/batman/ARES/ares_ws/install/_local_setup_util_sh.py'
[1.082s] INFO:colcon.colcon_core.shell:Creating prefix chain script '/home/batman/ARES/ares_ws/install/setup.sh'
[1.083s] INFO:colcon.colcon_core.shell:Creating prefix script '/home/batman/ARES/ares_ws/install/local_setup.bash'
[1.083s] INFO:colcon.colcon_core.shell:Creating prefix chain script '/home/batman/ARES/ares_ws/install/setup.bash'
[1.084s] INFO:colcon.colcon_core.shell:Creating prefix script '/home/batman/ARES/ares_ws/install/local_setup.zsh'
[1.084s] INFO:colcon.colcon_core.shell:Creating prefix chain script '/home/batman/ARES/ares_ws/install/setup.zsh'
