[1.027s] Invoking command in '/home/batman/ARES/ares_ws/src/explorer': PYTHONPATH=/home/batman/ARES/ares_ws/build/explorer/prefix_override:/usr/lib/python3/dist-packages/colcon_core/task/python/colcon_distutils_commands:/home/batman/ARES/ares_ws/install/explorer/lib/python3.10/site-packages:${PYTHONPATH} /usr/bin/python3 -W ignore:setup.py install is deprecated -W ignore:easy_install command is deprecated setup.py egg_info --egg-base ../../build/explorer build --build-base /home/batman/ARES/ares_ws/build/explorer/build install --record /home/batman/ARES/ares_ws/build/explorer/install.log --single-version-externally-managed install_data
[1.287s] running egg_info
[1.300s] writing ../../build/explorer/explorer.egg-info/PKG-INFO
[1.301s] writing dependency_links to ../../build/explorer/explorer.egg-info/dependency_links.txt
[1.301s] writing entry points to ../../build/explorer/explorer.egg-info/entry_points.txt
[1.301s] writing requirements to ../../build/explorer/explorer.egg-info/requires.txt
[1.301s] writing top-level names to ../../build/explorer/explorer.egg-info/top_level.txt
[1.332s] reading manifest file '../../build/explorer/explorer.egg-info/SOURCES.txt'
[1.333s] writing manifest file '../../build/explorer/explorer.egg-info/SOURCES.txt'
[1.333s] running build
[1.333s] running build_py
[1.333s] copying explorer/cloud_to_grid.py -> /home/batman/ARES/ares_ws/build/explorer/build/lib/explorer
[1.334s] running install
[1.339s] running install_lib
[1.352s] copying /home/batman/ARES/ares_ws/build/explorer/build/lib/explorer/cloud_to_grid.py -> /home/batman/ARES/ares_ws/install/explorer/lib/python3.10/site-packages/explorer
[1.353s] byte-compiling /home/batman/ARES/ares_ws/install/explorer/lib/python3.10/site-packages/explorer/cloud_to_grid.py to cloud_to_grid.cpython-310.pyc
[1.356s] running install_data
[1.356s] running install_egg_info
[1.371s] removing '/home/batman/ARES/ares_ws/install/explorer/lib/python3.10/site-packages/explorer-0.0.0-py3.10.egg-info' (and everything under it)
[1.371s] Copying ../../build/explorer/explorer.egg-info to /home/batman/ARES/ares_ws/install/explorer/lib/python3.10/site-packages/explorer-0.0.0-py3.10.egg-info
[1.372s] running install_scripts
[1.547s] Installing cloud_to_grid script to /home/batman/ARES/ares_ws/install/explorer/lib/explorer
[1.547s] Installing gradient_explorer script to /home/batman/ARES/ares_ws/install/explorer/lib/explorer
[1.547s] writing list of installed files to '/home/batman/ARES/ares_ws/build/explorer/install.log'
[1.596s] Invoked command in '/home/batman/ARES/ares_ws/src/explorer' returned '0': PYTHONPATH=/home/batman/ARES/ares_ws/build/explorer/prefix_override:/usr/lib/python3/dist-packages/colcon_core/task/python/colcon_distutils_commands:/home/batman/ARES/ares_ws/install/explorer/lib/python3.10/site-packages:${PYTHONPATH} /usr/bin/python3 -W ignore:setup.py install is deprecated -W ignore:easy_install command is deprecated setup.py egg_info --egg-base ../../build/explorer build --build-base /home/batman/ARES/ares_ws/build/explorer/build install --record /home/batman/ARES/ares_ws/build/explorer/install.log --single-version-externally-managed install_data
