[1.057s] Invoking command in '/home/batman/ARES/ares_ws/src/explorer': PYTHONPATH=/home/batman/ARES/ares_ws/build/explorer/prefix_override:/usr/lib/python3/dist-packages/colcon_core/task/python/colcon_distutils_commands:/home/batman/ARES/ares_ws/install/explorer/lib/python3.10/site-packages:${PYTHONPATH} /usr/bin/python3 -W ignore:setup.py install is deprecated -W ignore:easy_install command is deprecated setup.py egg_info --egg-base ../../build/explorer build --build-base /home/batman/ARES/ares_ws/build/explorer/build install --record /home/batman/ARES/ares_ws/build/explorer/install.log --single-version-externally-managed install_data
[1.382s] running egg_info
[1.409s] writing ../../build/explorer/explorer.egg-info/PKG-INFO
[1.411s] writing dependency_links to ../../build/explorer/explorer.egg-info/dependency_links.txt
[1.412s] writing entry points to ../../build/explorer/explorer.egg-info/entry_points.txt
[1.412s] writing requirements to ../../build/explorer/explorer.egg-info/requires.txt
[1.412s] writing top-level names to ../../build/explorer/explorer.egg-info/top_level.txt
[1.444s] reading manifest file '../../build/explorer/explorer.egg-info/SOURCES.txt'
[1.446s] writing manifest file '../../build/explorer/explorer.egg-info/SOURCES.txt'
[1.447s] running build
[1.447s] running build_py
[1.447s] copying explorer/gradient_explorer.py -> /home/batman/ARES/ares_ws/build/explorer/build/lib/explorer
[1.448s] copying explorer/exploration_navigator.py -> /home/batman/ARES/ares_ws/build/explorer/build/lib/explorer
[1.448s] copying explorer/cloud_to_grid.py -> /home/batman/ARES/ares_ws/build/explorer/build/lib/explorer
[1.448s] running install
[1.456s] running install_lib
[1.484s] copying /home/batman/ARES/ares_ws/build/explorer/build/lib/explorer/gradient_explorer.py -> /home/batman/ARES/ares_ws/install/explorer/lib/python3.10/site-packages/explorer
[1.485s] copying /home/batman/ARES/ares_ws/build/explorer/build/lib/explorer/exploration_navigator.py -> /home/batman/ARES/ares_ws/install/explorer/lib/python3.10/site-packages/explorer
[1.485s] copying /home/batman/ARES/ares_ws/build/explorer/build/lib/explorer/cloud_to_grid.py -> /home/batman/ARES/ares_ws/install/explorer/lib/python3.10/site-packages/explorer
[1.486s] byte-compiling /home/batman/ARES/ares_ws/install/explorer/lib/python3.10/site-packages/explorer/gradient_explorer.py to gradient_explorer.cpython-310.pyc
[1.490s] byte-compiling /home/batman/ARES/ares_ws/install/explorer/lib/python3.10/site-packages/explorer/exploration_navigator.py to exploration_navigator.cpython-310.pyc
[1.491s] byte-compiling /home/batman/ARES/ares_ws/install/explorer/lib/python3.10/site-packages/explorer/cloud_to_grid.py to cloud_to_grid.cpython-310.pyc
[1.493s] running install_data
[1.493s] running install_egg_info
[1.507s] removing '/home/batman/ARES/ares_ws/install/explorer/lib/python3.10/site-packages/explorer-0.0.0-py3.10.egg-info' (and everything under it)
[1.507s] Copying ../../build/explorer/explorer.egg-info to /home/batman/ARES/ares_ws/install/explorer/lib/python3.10/site-packages/explorer-0.0.0-py3.10.egg-info
[1.508s] running install_scripts
[1.675s] Installing cloud_to_grid script to /home/batman/ARES/ares_ws/install/explorer/lib/explorer
[1.676s] Installing gradient_explorer script to /home/batman/ARES/ares_ws/install/explorer/lib/explorer
[1.676s] writing list of installed files to '/home/batman/ARES/ares_ws/build/explorer/install.log'
[1.724s] Invoked command in '/home/batman/ARES/ares_ws/src/explorer' returned '0': PYTHONPATH=/home/batman/ARES/ares_ws/build/explorer/prefix_override:/usr/lib/python3/dist-packages/colcon_core/task/python/colcon_distutils_commands:/home/batman/ARES/ares_ws/install/explorer/lib/python3.10/site-packages:${PYTHONPATH} /usr/bin/python3 -W ignore:setup.py install is deprecated -W ignore:easy_install command is deprecated setup.py egg_info --egg-base ../../build/explorer build --build-base /home/batman/ARES/ares_ws/build/explorer/build install --record /home/batman/ARES/ares_ws/build/explorer/install.log --single-version-externally-managed install_data
